                                 Started job on |	Jan 01 18:17:11
                             Started mapping on |	Jan 01 18:17:13
                                    Finished on |	Jan 01 18:22:46
       Mapping speed, Million of reads per hour |	132.58

                          Number of input reads |	12263470
                      Average input read length |	74
                                    UNIQUE READS:
                   Uniquely mapped reads number |	9267923
                        Uniquely mapped reads % |	75.57%
                          Average mapped length |	72.58
                       Number of splices: Total |	1006157
            Number of splices: Annotated (sjdb) |	987129
                       Number of splices: GT/AG |	997047
                       Number of splices: GC/AG |	5579
                       Number of splices: AT/AC |	412
               Number of splices: Non-canonical |	3119
                      Mismatch rate per base, % |	2.19%
                         Deletion rate per base |	0.00%
                        Deletion average length |	1.45
                        Insertion rate per base |	0.00%
                       Insertion average length |	1.35
                             MULTI-MAPPING READS:
        Number of reads mapped to multiple loci |	512132
             % of reads mapped to multiple loci |	4.18%
        Number of reads mapped to too many loci |	603013
             % of reads mapped to too many loci |	4.92%
                                  UNMAPPED READS:
  Number of reads unmapped: too many mismatches |	0
       % of reads unmapped: too many mismatches |	0.00%
            Number of reads unmapped: too short |	1872825
                 % of reads unmapped: too short |	15.27%
                Number of reads unmapped: other |	7577
                     % of reads unmapped: other |	0.06%
                                  CHIMERIC READS:
                       Number of chimeric reads |	0
                            % of chimeric reads |	0.00%
