                                 Started job on |	Jan 01 17:55:04
                             Started mapping on |	Jan 01 17:55:08
                                    Finished on |	Jan 01 17:58:32
       Mapping speed, Million of reads per hour |	186.63

                          Number of input reads |	10575821
                      Average input read length |	74
                                    UNIQUE READS:
                   Uniquely mapped reads number |	8694014
                        Uniquely mapped reads % |	82.21%
                          Average mapped length |	73.56
                       Number of splices: Total |	960628
            Number of splices: Annotated (sjdb) |	951522
                       Number of splices: GT/AG |	951178
                       Number of splices: GC/AG |	7186
                       Number of splices: AT/AC |	290
               Number of splices: Non-canonical |	1974
                      Mismatch rate per base, % |	0.83%
                         Deletion rate per base |	0.00%
                        Deletion average length |	1.49
                        Insertion rate per base |	0.00%
                       Insertion average length |	1.40
                             MULTI-MAPPING READS:
        Number of reads mapped to multiple loci |	569984
             % of reads mapped to multiple loci |	5.39%
        Number of reads mapped to too many loci |	573881
             % of reads mapped to too many loci |	5.43%
                                  UNMAPPED READS:
  Number of reads unmapped: too many mismatches |	0
       % of reads unmapped: too many mismatches |	0.00%
            Number of reads unmapped: too short |	720883
                 % of reads unmapped: too short |	6.82%
                Number of reads unmapped: other |	17059
                     % of reads unmapped: other |	0.16%
                                  CHIMERIC READS:
                       Number of chimeric reads |	0
                            % of chimeric reads |	0.00%
